<?xml version="1.0" encoding="UTF-8"?>
<!-- Generated by org.testng.reporters.JUnitReportReporter -->
<testsuite hostname="Sujeeth" failures="0" tests="2" name="testCases.TC001_LoginApp" time="4.029" errors="0" timestamp="2025-06-30T23:46:29 IST" skipped="0">
  <testcase classname="testCases.TC001_LoginApp" name="login" time="1.971"/>
  <testcase classname="testCases.TC001_LoginApp" name="login" time="2.058"/>
</testsuite> <!-- testCases.TC001_LoginApp -->
