<?xml version="1.0" encoding="UTF-8"?>
<!-- Generated by org.testng.reporters.JUnitReportReporter -->
<testsuite hostname="DESKTOP-C4SCJQ4" failures="0" tests="1" name="StepDefinitions.TestNGRunner" time="6.063" errors="0" timestamp="2025-08-19T20:44:35 IST" skipped="0">
  <testcase classname="StepDefinitions.TestNGRunner" name="runScenario" time="6.063"/>
</testsuite> <!-- StepDefinitions.TestNGRunner -->
